{
  "RSpec": {
    "coverage": {
      "/Users/joonaslaakkonen/Koulu/cabinmaster/config/environment.rb": [
        null,
        1,
        null,
        null,
        1
      ],
      "/Users/joonaslaakkonen/Koulu/cabinmaster/config/application.rb": [
        1,
        null,
        1,
        null,
        null,
        null,
        null,
        1,
        null,
        1,
        1,
        null,
        null,
        null,
        null,
        null,
        null,
        null,
        1,
        1,
        null,
        null,
        null,
        null,
        null,
        null
      ],
      "/Users/joonaslaakkonen/Koulu/cabinmaster/config/boot.rb": [
        null,
        1,
        null,
        1
      ],
      "/Users/joonaslaakkonen/Koulu/cabinmaster/config/environments/test.rb": [
        1,
        null,
        null,
        null,
        null,
        null,
        null,
        1,
        null,
        null,
        null,
        null,
        1,
        null,
        null,
        1,
        1,
        null,
        null,
        1,
        1,
        null,
        null,
        1,
        null,
        null,
        1,
        null,
        null,
        null,
        null,
        1,
        null,
        null,
        1,
        null
      ],
      "/Users/joonaslaakkonen/Koulu/cabinmaster/config/initializers/backtrace_silencers.rb": [
        null,
        null,
        null,
        null,
        null,
        null,
        null
      ],
      "/Users/joonaslaakkonen/Koulu/cabinmaster/config/initializers/filter_parameter_logging.rb": [
        null,
        null,
        null,
        1
      ],
      "/Users/joonaslaakkonen/Koulu/cabinmaster/config/initializers/inflections.rb": [
        null,
        null,
        null,
        null,
        null,
        null,
        null,
        null,
        null,
        null,
        null,
        null,
        null,
        null,
        null,
        null
      ],
      "/Users/joonaslaakkonen/Koulu/cabinmaster/config/initializers/mime_types.rb": [
        null,
        null,
        null,
        null,
        null
      ],
      "/Users/joonaslaakkonen/Koulu/cabinmaster/config/initializers/secret_token.rb": [
        null,
        null,
        null,
        null,
        null,
        null,
        null,
        null,
        null,
        null,
        null,
        1
      ],
      "/Users/joonaslaakkonen/Koulu/cabinmaster/config/initializers/session_store.rb": [
        null,
        null,
        1
      ],
      "/Users/joonaslaakkonen/Koulu/cabinmaster/config/initializers/wrap_parameters.rb": [
        null,
        null,
        null,
        null,
        null,
        null,
        1,
        1,
        null,
        null,
        null,
        null,
        null,
        null
      ],
      "/Users/joonaslaakkonen/Koulu/cabinmaster/spec/factories.rb": [
        1,
        null,
        1,
        1,
        null,
        null,
        1,
        1,
        1,
        1,
        null,
        null,
        null
      ],
      "/Users/joonaslaakkonen/Koulu/cabinmaster/config/routes.rb": [
        1,
        null,
        1,
        null,
        1,
        null,
        1,
        null,
        null,
        null,
        1,
        null,
        1,
        null,
        1,
        null,
        1,
        1,
        null,
        1,
        null,
        null,
        null,
        null,
        null,
        null,
        null,
        null,
        null,
        null,
        null,
        null,
        null,
        null,
        null,
        null,
        null,
        null,
        null,
        null,
        null,
        null,
        null,
        null,
        null,
        null,
        null,
        null,
        null,
        null,
        null,
        null,
        null,
        null,
        null,
        null,
        null,
        null,
        null,
        null,
        null,
        null,
        null,
        null,
        null,
        null,
        null,
        null,
        null,
        null,
        null,
        null,
        null,
        null,
        null,
        null
      ],
      "/Users/joonaslaakkonen/Koulu/cabinmaster/app/helpers/application_helper.rb": [
        1,
        null
      ],
      "/Users/joonaslaakkonen/Koulu/cabinmaster/app/helpers/cabins_helper.rb": [
        1,
        null
      ],
      "/Users/joonaslaakkonen/Koulu/cabinmaster/app/helpers/needs_helper.rb": [
        1,
        null
      ],
      "/Users/joonaslaakkonen/Koulu/cabinmaster/app/helpers/supplies_helper.rb": [
        1,
        null
      ],
      "/Users/joonaslaakkonen/Koulu/cabinmaster/app/helpers/users_helper.rb": [
        1,
        null
      ],
      "/Users/joonaslaakkonen/Koulu/cabinmaster/app/helpers/visits_helper.rb": [
        1,
        null
      ],
      "/Users/joonaslaakkonen/Koulu/cabinmaster/app/models/need.rb": [
        1,
        null,
        1,
        1,
        null,
        1,
        null,
        null,
        1,
        0,
        0,
        null,
        null,
        1,
        0,
        0,
        null,
        null,
        null
      ],
      "/Users/joonaslaakkonen/Koulu/cabinmaster/app/models/cabin.rb": [
        1,
        null,
        1,
        1,
        1,
        1,
        null,
        1,
        0,
        null,
        null,
        0,
        0,
        0,
        null,
        null,
        0,
        null,
        null,
        null,
        null,
        null
      ],
      "/Users/joonaslaakkonen/Koulu/cabinmaster/app/models/user.rb": [
        1,
        null,
        1,
        1,
        1,
        1,
        null,
        1,
        null
      ]
    },
    "timestamp": 1399218609
  }
}
